This is pdfTeX, Version 3.1415926-2.5-1.40.14 (MiKTeX 2.9 64-bit) (preloaded format=pdflatex 2015.3.1)  12 MAR 2015 19:28
entering extended mode
**preliminary*5.tex

("C:\Users\Yoshieduardo\Documents\GitHub\Lothian-Software\Report\preliminary 5.
tex"
LaTeX2e <2011/06/27>
Babel <v3.8m> and hyphenation patterns for english, afrikaans, ancientgreek, ar
abic, armenian, assamese, basque, bengali, bokmal, bulgarian, catalan, coptic, 
croatian, czech, danish, dutch, esperanto, estonian, farsi, finnish, french, ga
lician, german, german-x-2013-05-26, greek, gujarati, hindi, hungarian, iceland
ic, indonesian, interlingua, irish, italian, kannada, kurmanji, latin, latvian,
 lithuanian, malayalam, marathi, mongolian, mongolianlmc, monogreek, ngerman, n
german-x-2013-05-26, nynorsk, oriya, panjabi, pinyin, polish, portuguese, roman
ian, russian, sanskrit, serbian, slovak, slovenian, spanish, swedish, swissgerm
an, tamil, telugu, turkish, turkmen, ukenglish, ukrainian, uppersorbian, usengl
ishmax, welsh, loaded.
("C:\Program Files\MiKTeX 2.9\tex\latex\base\article.cls"
Document Class: article 2007/10/19 v1.4h Standard LaTeX document class
("C:\Program Files\MiKTeX 2.9\tex\latex\base\size11.clo"
File: size11.clo 2007/10/19 v1.4h Standard LaTeX file (size option)
)
\c@part=\count79
\c@section=\count80
\c@subsection=\count81
\c@subsubsection=\count82
\c@paragraph=\count83
\c@subparagraph=\count84
\c@figure=\count85
\c@table=\count86
\abovecaptionskip=\skip41
\belowcaptionskip=\skip42
\bibindent=\dimen102
)
("C:\Program Files\MiKTeX 2.9\tex\latex\geometry\geometry.sty"
Package: geometry 2010/09/12 v5.6 Page Geometry

("C:\Program Files\MiKTeX 2.9\tex\latex\graphics\keyval.sty"
Package: keyval 1999/03/16 v1.13 key=value parser (DPC)
\KV@toks@=\toks14
)
("C:\Program Files\MiKTeX 2.9\tex\generic\oberdiek\ifpdf.sty"
Package: ifpdf 2011/01/30 v2.3 Provides the ifpdf switch (HO)
Package ifpdf Info: pdfTeX in PDF mode is detected.
)
("C:\Program Files\MiKTeX 2.9\tex\generic\oberdiek\ifvtex.sty"
Package: ifvtex 2010/03/01 v1.5 Detect VTeX and its facilities (HO)
Package ifvtex Info: VTeX not detected.
)
("C:\Program Files\MiKTeX 2.9\tex\generic\ifxetex\ifxetex.sty"
Package: ifxetex 2010/09/12 v0.6 Provides ifxetex conditional
)
\Gm@cnth=\count87
\Gm@cntv=\count88
\c@Gm@tempcnt=\count89
\Gm@bindingoffset=\dimen103
\Gm@wd@mp=\dimen104
\Gm@odd@mp=\dimen105
\Gm@even@mp=\dimen106
\Gm@layoutwidth=\dimen107
\Gm@layoutheight=\dimen108
\Gm@layouthoffset=\dimen109
\Gm@layoutvoffset=\dimen110
\Gm@dimlist=\toks15

("C:\Program Files\MiKTeX 2.9\tex\latex\geometry\geometry.cfg"))
("C:\Program Files\MiKTeX 2.9\tex\latex\graphics\graphicx.sty"
Package: graphicx 1999/02/16 v1.0f Enhanced LaTeX Graphics (DPC,SPQR)

("C:\Program Files\MiKTeX 2.9\tex\latex\graphics\graphics.sty"
Package: graphics 2009/02/05 v1.0o Standard LaTeX Graphics (DPC,SPQR)

("C:\Program Files\MiKTeX 2.9\tex\latex\graphics\trig.sty"
Package: trig 1999/03/16 v1.09 sin cos tan (DPC)
)
("C:\Program Files\MiKTeX 2.9\tex\latex\00miktex\graphics.cfg"
File: graphics.cfg 2007/01/18 v1.5 graphics configuration of teTeX/TeXLive
)
Package graphics Info: Driver file: pdftex.def on input line 91.

("C:\Program Files\MiKTeX 2.9\tex\latex\pdftex-def\pdftex.def"
File: pdftex.def 2011/05/27 v0.06d Graphics/color for pdfTeX

("C:\Program Files\MiKTeX 2.9\tex\generic\oberdiek\infwarerr.sty"
Package: infwarerr 2010/04/08 v1.3 Providing info/warning/error messages (HO)
)
("C:\Program Files\MiKTeX 2.9\tex\generic\oberdiek\ltxcmds.sty"
Package: ltxcmds 2011/11/09 v1.22 LaTeX kernel commands for general use (HO)
)
\Gread@gobject=\count90
))
\Gin@req@height=\dimen111
\Gin@req@width=\dimen112
)
("C:\Program Files\MiKTeX 2.9\tex\latex\amsfonts\amssymb.sty"
Package: amssymb 2013/01/14 v3.01 AMS font symbols

("C:\Program Files\MiKTeX 2.9\tex\latex\amsfonts\amsfonts.sty"
Package: amsfonts 2013/01/14 v3.01 Basic AMSFonts support
\@emptytoks=\toks16
\symAMSa=\mathgroup4
\symAMSb=\mathgroup5
LaTeX Font Info:    Overwriting math alphabet `\mathfrak' in version `bold'
(Font)                  U/euf/m/n --> U/euf/b/n on input line 106.
))
("C:\Program Files\MiKTeX 2.9\tex\latex\mh\mathtools.sty"
Package: mathtools 2013/02/12 v1.13 mathematical typesetting tools

("C:\Program Files\MiKTeX 2.9\tex\latex\tools\calc.sty"
Package: calc 2007/08/22 v4.3 Infix arithmetic (KKT,FJ)
\calc@Acount=\count91
\calc@Bcount=\count92
\calc@Adimen=\dimen113
\calc@Bdimen=\dimen114
\calc@Askip=\skip43
\calc@Bskip=\skip44
LaTeX Info: Redefining \setlength on input line 76.
LaTeX Info: Redefining \addtolength on input line 77.
\calc@Ccount=\count93
\calc@Cskip=\skip45
)
("C:\Program Files\MiKTeX 2.9\tex\latex\mh\mhsetup.sty"
Package: mhsetup 2010/01/21 v1.2a programming setup (MH)
)
("C:\Program Files\MiKTeX 2.9\tex\latex\amsmath\amsmath.sty"
Package: amsmath 2013/01/14 v2.14 AMS math features
\@mathmargin=\skip46

For additional information on amsmath, use the `?' option.
("C:\Program Files\MiKTeX 2.9\tex\latex\amsmath\amstext.sty"
Package: amstext 2000/06/29 v2.01

("C:\Program Files\MiKTeX 2.9\tex\latex\amsmath\amsgen.sty"
File: amsgen.sty 1999/11/30 v2.0
\@emptytoks=\toks17
\ex@=\dimen115
))
("C:\Program Files\MiKTeX 2.9\tex\latex\amsmath\amsbsy.sty"
Package: amsbsy 1999/11/29 v1.2d
\pmbraise@=\dimen116
)
("C:\Program Files\MiKTeX 2.9\tex\latex\amsmath\amsopn.sty"
Package: amsopn 1999/12/14 v2.01 operator names
)
\inf@bad=\count94
LaTeX Info: Redefining \frac on input line 210.
\uproot@=\count95
\leftroot@=\count96
LaTeX Info: Redefining \overline on input line 306.
\classnum@=\count97
\DOTSCASE@=\count98
LaTeX Info: Redefining \ldots on input line 378.
LaTeX Info: Redefining \dots on input line 381.
LaTeX Info: Redefining \cdots on input line 466.
\Mathstrutbox@=\box26
\strutbox@=\box27
\big@size=\dimen117
LaTeX Font Info:    Redeclaring font encoding OML on input line 566.
LaTeX Font Info:    Redeclaring font encoding OMS on input line 567.
\macc@depth=\count99
\c@MaxMatrixCols=\count100
\dotsspace@=\muskip10
\c@parentequation=\count101
\dspbrk@lvl=\count102
\tag@help=\toks18
\row@=\count103
\column@=\count104
\maxfields@=\count105
\andhelp@=\toks19
\eqnshift@=\dimen118
\alignsep@=\dimen119
\tagshift@=\dimen120
\tagwidth@=\dimen121
\totwidth@=\dimen122
\lineht@=\dimen123
\@envbody=\toks20
\multlinegap=\skip47
\multlinetaggap=\skip48
\mathdisplay@stack=\toks21
LaTeX Info: Redefining \[ on input line 2665.
LaTeX Info: Redefining \] on input line 2666.
)
LaTeX Info: Thecontrolsequence`\['isalreadyrobust on input line 129.
LaTeX Info: Thecontrolsequence`\]'isalreadyrobust on input line 129.
\g_MT_multlinerow_int=\count106
\l_MT_multwidth_dim=\dimen124
\origjot=\skip49
\l_MT_shortvdotswithinadjustabove_dim=\dimen125
\l_MT_shortvdotswithinadjustbelow_dim=\dimen126
\l_MT_above_intertext_sep=\dimen127
\l_MT_below_intertext_sep=\dimen128
\l_MT_above_shortintertext_sep=\dimen129
\l_MT_below_shortintertext_sep=\dimen130
)
("C:\Program Files\MiKTeX 2.9\tex\latex\enumitem\enumitem.sty"
Package: enumitem 2011/09/28 v3.5.2 Customized lists
\labelindent=\skip50
\enit@outerparindent=\dimen131
\enit@toks=\toks22
\enit@inbox=\box28
\enitdp@description=\count107
)
("C:\Program Files\MiKTeX 2.9\tex\latex\setspace\setspace.sty"
Package: setspace 2011/12/19 v6.7a set line spacing
)
("C:\Program Files\MiKTeX 2.9\tex\latex\sidecap\sidecap.sty"
Package: sidecap 2003/06/06 v1.6f SideCap Package (RN/HjG)

("C:\Program Files\MiKTeX 2.9\tex\latex\base\ifthen.sty"
Package: ifthen 2001/05/26 v1.1c Standard LaTeX ifthen package (DPC)
)
\SC@BOXWD=\dimen132
\SC@CAPWD=\dimen133
\SC@tempdima=\dimen134
\SC@tempdimb=\dimen135
\c@SC@C=\count108
\SC@BOX=\box29
)
("C:\Program Files\MiKTeX 2.9\tex\latex\url\url.sty"
\Urlmuskip=\muskip11
Package: url 2013/09/16  ver 3.4  Verb mode for urls, etc.
)
("C:\Users\Yoshieduardo\Documents\GitHub\Lothian-Software\Report\preliminary 5.
aux")
LaTeX Font Info:    Checking defaults for OML/cmm/m/it on input line 23.
LaTeX Font Info:    ... okay on input line 23.
LaTeX Font Info:    Checking defaults for T1/cmr/m/n on input line 23.
LaTeX Font Info:    ... okay on input line 23.
LaTeX Font Info:    Checking defaults for OT1/cmr/m/n on input line 23.
LaTeX Font Info:    ... okay on input line 23.
LaTeX Font Info:    Checking defaults for OMS/cmsy/m/n on input line 23.
LaTeX Font Info:    ... okay on input line 23.
LaTeX Font Info:    Checking defaults for OMX/cmex/m/n on input line 23.
LaTeX Font Info:    ... okay on input line 23.
LaTeX Font Info:    Checking defaults for U/cmr/m/n on input line 23.
LaTeX Font Info:    ... okay on input line 23.

*geometry* driver: auto-detecting
*geometry* detected driver: pdftex
*geometry* verbose mode - [ preamble ] result:
* driver: pdftex
* paper: letterpaper
* layout: <same size as paper>
* layoutoffset:(h,v)=(0.0pt,0.0pt)
* modes: 
* h-part:(L,W,R)=(92.14519pt, 430.00462pt, 92.14519pt)
* v-part:(T,H,B)=(95.39737pt, 556.47656pt, 143.09605pt)
* \paperwidth=614.295pt
* \paperheight=794.96999pt
* \textwidth=430.00462pt
* \textheight=556.47656pt
* \oddsidemargin=19.8752pt
* \evensidemargin=19.8752pt
* \topmargin=-13.87262pt
* \headheight=12.0pt
* \headsep=25.0pt
* \topskip=11.0pt
* \footskip=30.0pt
* \marginparwidth=59.0pt
* \marginparsep=10.0pt
* \columnsep=10.0pt
* \skip\footins=10.0pt plus 4.0pt minus 2.0pt
* \hoffset=0.0pt
* \voffset=0.0pt
* \mag=1000
* \@twocolumnfalse
* \@twosidefalse
* \@mparswitchfalse
* \@reversemarginfalse
* (1in=72.27pt=25.4mm, 1cm=28.453pt)

("C:\Program Files\MiKTeX 2.9\tex\context\base\supp-pdf.mkii"
[Loading MPS to PDF converter (version 2006.09.02).]
\scratchcounter=\count109
\scratchdimen=\dimen136
\scratchbox=\box30
\nofMPsegments=\count110
\nofMParguments=\count111
\everyMPshowfont=\toks23
\MPscratchCnt=\count112
\MPscratchDim=\dimen137
\MPnumerator=\count113
\makeMPintoPDFobject=\count114
\everyMPtoPDFconversion=\toks24
) ("C:\Program Files\MiKTeX 2.9\tex\latex\ms\ragged2e.sty"
Package: ragged2e 2009/05/21 v2.1 ragged2e Package (MS)

("C:\Program Files\MiKTeX 2.9\tex\latex\ms\everysel.sty"
Package: everysel 2011/10/28 v1.2 EverySelectfont Package (MS)

ABD: EverySelectfont initializing macros
LaTeX Info: Redefining \selectfont on input line 126.
)
\CenteringLeftskip=\skip51
\RaggedLeftLeftskip=\skip52
\RaggedRightLeftskip=\skip53
\CenteringRightskip=\skip54
\RaggedLeftRightskip=\skip55
\RaggedRightRightskip=\skip56
\CenteringParfillskip=\skip57
\RaggedLeftParfillskip=\skip58
\RaggedRightParfillskip=\skip59
\JustifyingParfillskip=\skip60
\CenteringParindent=\skip61
\RaggedLeftParindent=\skip62
\RaggedRightParindent=\skip63
\JustifyingParindent=\skip64
)
LaTeX Font Info:    Try loading font information for U+msa on input line 24.

("C:\Program Files\MiKTeX 2.9\tex\latex\amsfonts\umsa.fd"
File: umsa.fd 2013/01/14 v3.01 AMS symbols A
)
LaTeX Font Info:    Try loading font information for U+msb on input line 24.

("C:\Program Files\MiKTeX 2.9\tex\latex\amsfonts\umsb.fd"
File: umsb.fd 2013/01/14 v3.01 AMS symbols B
)

! LaTeX Error: File `ecg' not found.

See the LaTeX manual or LaTeX Companion for explanation.
Type  H <return>  for immediate help.
 ...                                              
                                                  
l.34 	\includegraphics[width=0.4\textwidth]{ecg}
                                                
I could not locate the file with any of these extensions:
.png,.pdf,.jpg,.mps,.jpeg,.jbig2,.jb2,.PNG,.PDF,.JPG,.JPEG,.JBIG2,.JB2
Try typing  <return>  to proceed.
If that doesn't work, type  X <return>  to quit.


Overfull \hbox (43.07005pt too wide) in paragraph at lines 36--36
[][]\OT1/cmr/m/n/10.95 :
 []


Overfull \hbox (35.98294pt too wide) in paragraph at lines 36--36
|\OT1/cmr/m/n/10.95 Various
 []


Overfull \hbox (15.51251pt too wide) in paragraph at lines 36--36
\OT1/cmr/m/n/10.95 po-
 []


Overfull \hbox (11.01083pt too wide) in paragraph at lines 36--36
\OT1/cmr/m/n/10.95 si-
 []


Overfull \hbox (23.17754pt too wide) in paragraph at lines 36--36
\OT1/cmr/m/n/10.95 tions
 []


Overfull \hbox (13.1096pt too wide) in paragraph at lines 36--36
\OT1/cmr/m/n/10.95 for
 []


Overfull \hbox (9.125pt too wide) in paragraph at lines 36--36
\OT1/cmr/m/n/10.95 3-
 []


Overfull \hbox (19.46669pt too wide) in paragraph at lines 36--36
\OT1/cmr/m/n/10.95 lead
 []


Overfull \hbox (24.25732pt too wide) in paragraph at lines 36--36
\OT1/cmr/m/n/10.95 EKG
 []


Overfull \hbox (21.29167pt too wide) in paragraph at lines 36--36
\OT1/cmr/m/n/10.95 elec-
 []


Overfull \hbox (32.63713pt too wide) in paragraph at lines 36--36
\OT1/cmr/m/n/10.95 trodes.
 []


Overfull \hbox (18.25003pt too wide) in paragraph at lines 36--36
\OT1/cmr/m/n/10.95 Ob-
 []


Overfull \hbox (23.81627pt too wide) in paragraph at lines 36--36
\OT1/cmr/m/n/10.95 serve
 []


Overfull \hbox (20.07504pt too wide) in paragraph at lines 36--36
\OT1/cmr/m/n/10.95 that
 []


Overfull \hbox (15.20836pt too wide) in paragraph at lines 36--36
\OT1/cmr/m/n/10.95 the
 []


Overfull \hbox (33.4888pt too wide) in paragraph at lines 36--36
\OT1/cmr/m/n/10.95 ground
 []


Overfull \hbox (7.36084pt too wide) in paragraph at lines 36--36
\OT1/cmr/m/n/10.95 is
 []


Overfull \hbox (15.8167pt too wide) in paragraph at lines 36--36
\OT1/cmr/m/n/10.95 not
 []


Overfull \hbox (25.55003pt too wide) in paragraph at lines 36--36
\OT1/cmr/m/n/10.95 along
 []


Overfull \hbox (15.20836pt too wide) in paragraph at lines 36--36
\OT1/cmr/m/n/10.95 the
 []


Overfull \hbox (21.90004pt too wide) in paragraph at lines 36--36
\OT1/cmr/m/n/10.95 path
 []


Overfull \hbox (8.82085pt too wide) in paragraph at lines 36--36
\OT1/cmr/m/n/10.95 of
 []


Overfull \hbox (15.20836pt too wide) in paragraph at lines 36--36
\OT1/cmr/m/n/10.95 the
 []


Overfull \hbox (21.29167pt too wide) in paragraph at lines 36--36
\OT1/cmr/m/n/10.95 elec-
 []


Overfull \hbox (15.23877pt too wide) in paragraph at lines 36--36
\OT1/cmr/m/n/10.95 tri-
 []


Overfull \hbox (13.38335pt too wide) in paragraph at lines 36--36
\OT1/cmr/m/n/10.95 cal
 []


Overfull \hbox (16.48584pt too wide) in paragraph at lines 36--36
\OT1/cmr/m/n/10.95 sig-
 []


Overfull \hbox (14.60002pt too wide) in paragraph at lines 36--36
\OT1/cmr/m/n/10.95 nal
 []


Overfull \hbox (14.90417pt too wide) in paragraph at lines 36--36
\OT1/cmr/m/n/10.95 be-
 []


Overfull \hbox (27.375pt too wide) in paragraph at lines 36--36
\OT1/cmr/m/n/10.95 tween
 []


Overfull \hbox (15.20836pt too wide) in paragraph at lines 36--36
\OT1/cmr/m/n/10.95 the
 []


Overfull \hbox (17.03333pt too wide) in paragraph at lines 36--36
\OT1/cmr/m/n/10.95 two
 []


Overfull \hbox (36.83461pt too wide) in paragraph at lines 36--36
\OT1/cmr/m/n/10.95 charged
 []


Overfull \hbox (21.29167pt too wide) in paragraph at lines 36--36
\OT1/cmr/m/n/10.95 elec-
 []


Overfull \hbox (32.63713pt too wide) in paragraph at lines 36--36
\OT1/cmr/m/n/10.95 trodes.
 []


Overfull \hbox (11.55835pt too wide) in paragraph at lines 36--36
\OT1/cmr/m/n/10.95 [[]]
 []


Overfull \hbox (16.72917pt too wide) in paragraph at lines 36--36
\OT1/cmr/m/n/10.95 Im-
 []


Overfull \hbox (15.81668pt too wide) in paragraph at lines 36--36
\OT1/cmr/m/n/10.95 age
 []


Overfull \hbox (30.4167pt too wide) in paragraph at lines 36--36
\OT1/cmr/m/n/10.95 copied
 []


Overfull \hbox (22.23462pt too wide) in paragraph at lines 36--36
\OT1/cmr/m/n/10.95 from
 []


Overfull \hbox (18.70624pt too wide) in paragraph at lines 36--36
\OT1/cmr/m/n/10.95 RT-
 []


Overfull \hbox (32.12006pt too wide) in paragraph at lines 36--36
\OT1/cmr/m/n/10.95 Board,
 []


Overfull \hbox (23.65788pt too wide) in paragraph at lines 36--36
\OT1/cmr/m/it/10.95 Elec-
 []


Overfull \hbox (17.20961pt too wide) in paragraph at lines 36--36
\OT1/cmr/m/it/10.95 tro-
 []


Overfull \hbox (18.60876pt too wide) in paragraph at lines 36--36
\OT1/cmr/m/it/10.95 car-
 []


Overfull \hbox (18.46887pt too wide) in paragraph at lines 36--36
\OT1/cmr/m/it/10.95 dio-
 []


Overfull \hbox (8.95459pt too wide) in paragraph at lines 36--36
\OT1/cmr/m/it/10.95 g-
 []


Overfull \hbox (13.57181pt too wide) in paragraph at lines 36--36
\OT1/cmr/m/it/10.95 ra-
 []


Overfull \hbox (16.51006pt too wide) in paragraph at lines 36--36
\OT1/cmr/m/it/10.95 phy
 []


Overfull \hbox (38.7323pt too wide) in paragraph at lines 36--36
\OT1/cmr/m/it/10.95 Devices\OT1/cmr/m/n/10.95 .| 
 []


LaTeX Warning: Float too large for page by 121.48625pt on input line 36.


! LaTeX Error: File `PQRST' not found.

See the LaTeX manual or LaTeX Companion for explanation.
Type  H <return>  for immediate help.
 ...                                              
                                                  
l.43 	\includegraphics[width=0.4\textwidth]{PQRST}
                                                  
I could not locate the file with any of these extensions:
.png,.pdf,.jpg,.mps,.jpeg,.jbig2,.jb2,.PNG,.PDF,.JPG,.JPEG,.JBIG2,.JB2
Try typing  <return>  to proceed.
If that doesn't work, type  X <return>  to quit.


Overfull \hbox (43.07005pt too wide) in paragraph at lines 45--45
[][]\OT1/cmr/m/n/10.95 :
 []


Overfull \hbox (48.36255pt too wide) in paragraph at lines 45--45
|\OT1/cmr/m/n/10.95 Schematic
 []


Overfull \hbox (18.88876pt too wide) in paragraph at lines 45--45
\OT1/cmr/m/n/10.95 rep-
 []


Overfull \hbox (12.80542pt too wide) in paragraph at lines 45--45
\OT1/cmr/m/n/10.95 re-
 []


Overfull \hbox (18.91917pt too wide) in paragraph at lines 45--45
\OT1/cmr/m/n/10.95 sen-
 []


Overfull \hbox (13.38335pt too wide) in paragraph at lines 45--45
\OT1/cmr/m/n/10.95 ta-
 []


Overfull \hbox (18.85837pt too wide) in paragraph at lines 45--45
\OT1/cmr/m/n/10.95 tion
 []


Overfull \hbox (8.82085pt too wide) in paragraph at lines 45--45
\OT1/cmr/m/n/10.95 of
 []


Overfull \hbox (11.55835pt too wide) in paragraph at lines 45--45
\OT1/cmr/m/n/10.95 an
 []


Overfull \hbox (24.25732pt too wide) in paragraph at lines 45--45
\OT1/cmr/m/n/10.95 EKG
 []


Overfull \hbox (24.36377pt too wide) in paragraph at lines 45--45
\OT1/cmr/m/n/10.95 read-
 []


Overfull \hbox (17.6417pt too wide) in paragraph at lines 45--45
\OT1/cmr/m/n/10.95 ing.
 []


Overfull \hbox (18.85835pt too wide) in paragraph at lines 45--45
\OT1/cmr/m/n/10.95 The
 []


Overfull \hbox (22.66046pt too wide) in paragraph at lines 45--45
\OT1/cmr/m/n/10.95 QRS
 []


Overfull \hbox (23.11668pt too wide) in paragraph at lines 45--45
\OT1/cmr/m/n/10.95 com-
 []


Overfull \hbox (19.77087pt too wide) in paragraph at lines 45--45
\OT1/cmr/m/n/10.95 plex
 []


Overfull \hbox (18.88876pt too wide) in paragraph at lines 45--45
\OT1/cmr/m/n/10.95 rep-
 []


Overfull \hbox (12.80542pt too wide) in paragraph at lines 45--45
\OT1/cmr/m/n/10.95 re-
 []


Overfull \hbox (23.54251pt too wide) in paragraph at lines 45--45
\OT1/cmr/m/n/10.95 sents
 []


Overfull \hbox (15.20836pt too wide) in paragraph at lines 45--45
\OT1/cmr/m/n/10.95 the
 []


Overfull \hbox (20.07501pt too wide) in paragraph at lines 45--45
\OT1/cmr/m/n/10.95 ven-
 []


Overfull \hbox (20.10544pt too wide) in paragraph at lines 45--45
\OT1/cmr/m/n/10.95 tric-
 []


Overfull \hbox (9.73334pt too wide) in paragraph at lines 45--45
\OT1/cmr/m/n/10.95 u-
 []


Overfull \hbox (12.80544pt too wide) in paragraph at lines 45--45
\OT1/cmr/m/n/10.95 lar
 []


Overfull \hbox (14.6pt too wide) in paragraph at lines 45--45
\OT1/cmr/m/n/10.95 de-
 []


Overfull \hbox (15.51251pt too wide) in paragraph at lines 45--45
\OT1/cmr/m/n/10.95 po-
 []


Overfull \hbox (16.45543pt too wide) in paragraph at lines 45--45
\OT1/cmr/m/n/10.95 lar-
 []


Overfull \hbox (17.03334pt too wide) in paragraph at lines 45--45
\OT1/cmr/m/n/10.95 iza-
 []


Overfull \hbox (18.85837pt too wide) in paragraph at lines 45--45
\OT1/cmr/m/n/10.95 tion
 []


Overfull \hbox (17.6417pt too wide) in paragraph at lines 45--45
\OT1/cmr/m/n/10.95 and
 []


Overfull \hbox (20.07501pt too wide) in paragraph at lines 45--45
\OT1/cmr/m/n/10.95 con-
 []


Overfull \hbox (22.53877pt too wide) in paragraph at lines 45--45
\OT1/cmr/m/n/10.95 trac-
 []


Overfull \hbox (18.85837pt too wide) in paragraph at lines 45--45
\OT1/cmr/m/n/10.95 tion
 []


Overfull \hbox (8.82085pt too wide) in paragraph at lines 45--45
\OT1/cmr/m/n/10.95 of
 []


Overfull \hbox (15.20836pt too wide) in paragraph at lines 45--45
\OT1/cmr/m/n/10.95 the
 []


Overfull \hbox (24.97212pt too wide) in paragraph at lines 45--45
\OT1/cmr/m/n/10.95 heart
 []


Overfull \hbox (28.89584pt too wide) in paragraph at lines 45--45
\OT1/cmr/m/n/10.95 cham-
 []


Overfull \hbox (22.90378pt too wide) in paragraph at lines 45--45
\OT1/cmr/m/n/10.95 bers.
 []


Overfull \hbox (11.55835pt too wide) in paragraph at lines 45--45
\OT1/cmr/m/n/10.95 [[]]
 []


Overfull \hbox (16.72917pt too wide) in paragraph at lines 45--45
\OT1/cmr/m/n/10.95 Im-
 []


Overfull \hbox (15.81668pt too wide) in paragraph at lines 45--45
\OT1/cmr/m/n/10.95 age
 []


Overfull \hbox (30.4167pt too wide) in paragraph at lines 45--45
\OT1/cmr/m/n/10.95 copied
 []


Overfull \hbox (22.23462pt too wide) in paragraph at lines 45--45
\OT1/cmr/m/n/10.95 from
 []


Overfull \hbox (48.97092pt too wide) in paragraph at lines 45--45
\OT1/cmr/m/n/10.95 Wikipedia
 []


Overfull \hbox (13.41376pt too wide) in paragraph at lines 45--45
\OT1/cmr/m/n/10.95 ar-
 []


Overfull \hbox (10.95001pt too wide) in paragraph at lines 45--45
\OT1/cmr/m/n/10.95 ti-
 []


Overfull \hbox (12.77501pt too wide) in paragraph at lines 45--45
\OT1/cmr/m/n/10.95 cle
 []


Overfull \hbox (11.55835pt too wide) in paragraph at lines 45--45
\OT1/cmr/m/n/10.95 on
 []


Overfull \hbox (98.79344pt too wide) in paragraph at lines 45--45
\OT1/cmr/m/n/10.95 Electrocardiography.| 
 []


LaTeX Warning: Float too large for page by 107.88625pt on input line 45.

[1

{C:/ProgramData/MiKTeX/2.9/pdftex/config/pdftex.map}]
LaTeX Font Info:    Try loading font information for OMS+cmr on input line 57.

("C:\Program Files\MiKTeX 2.9\tex\latex\base\omscmr.fd"
File: omscmr.fd 1999/05/25 v2.5h Standard LaTeX font definitions
)
LaTeX Font Info:    Font shape `OMS/cmr/m/n' in size <10.95> not available
(Font)              Font shape `OMS/cmsy/m/n' tried instead on input line 57.
 [2] [3]

! LaTeX Error: File `blockdiagnew' not found.

See the LaTeX manual or LaTeX Companion for explanation.
Type  H <return>  for immediate help.
 ...                                              
                                                  
l.94 ...degraphics[width=\textwidth]{blockdiagnew}
                                                  
I could not locate the file with any of these extensions:
.png,.pdf,.jpg,.mps,.jpeg,.jbig2,.jb2,.PNG,.PDF,.JPG,.JPEG,.JBIG2,.JB2
Try typing  <return>  to proceed.
If that doesn't work, type  X <return>  to quit.


Overfull \hbox (13.33409pt too wide) in paragraph at lines 104--111
\OT1/cmr/m/n/10.95 GUI: Ba-sic in-ter-face with abil-ity to change graph-ing op
-tions and po-ten-tially ac-ti-vate/disable
 []


Underfull \hbox (badness 10000) in paragraph at lines 104--111

 []

[4] [5]
Underfull \hbox (badness 10000) in paragraph at lines 138--139
$\OT1/cmr/m/n/10.95 http : / / en . wikipedia . org / wiki / Electrocardiograph
y # mediaviewer / File : QRS[]complex .$
 []


Underfull \hbox (badness 10000) in paragraph at lines 141--142
$\OT1/cmr/m/n/10.95 http : / / www . southsudanmedicaljournal . com / archive /
 may-[]2010 /$
 []


Underfull \hbox (badness 10000) in paragraph at lines 141--142
$\OT1/cmr/m/n/10.95 how-[]to-[]read-[]an-[]electrocardiogram-[]ecg . -[]part-[]
one-[]basic-[]principles-[]of-[]the-[]ecg .$
 []

[6] [7] [8]
("C:\Users\Yoshieduardo\Documents\GitHub\Lothian-Software\Report\preliminary 5.
aux")

LaTeX Warning: Label(s) may have changed. Rerun to get cross-references right.

 )
(\end occurred inside a group at level 2)

### semi simple group (level 2) entered at line 46 (\begingroup)
### semi simple group (level 1) entered at line 27 (\begingroup)
### bottom level 
Here is how much of TeX's memory you used:
 3699 strings out of 493921
 51553 string characters out of 3147262
 118157 words of memory out of 3000000
 6929 multiletter control sequences out of 15000+200000
 11391 words of font info for 43 fonts, out of 3000000 for 9000
 841 hyphenation exceptions out of 8191
 33i,6n,28p,1257b,418s stack positions out of 5000i,500n,10000p,200000b,50000s
<C:/Program Files/MiKTeX 2.9/fonts/type1/public/amsfonts/cm/cmb
x10.pfb><C:/Program Files/MiKTeX 2.9/fonts/type1/public/amsfonts/cm/cmbx12.pfb>
<C:/Program Files/MiKTeX 2.9/fonts/type1/public/amsfonts/cm/cmmi10.pfb><C:/Prog
ram Files/MiKTeX 2.9/fonts/type1/public/amsfonts/cm/cmmi8.pfb><C:/Program Files
/MiKTeX 2.9/fonts/type1/public/amsfonts/cm/cmr10.pfb><C:/Program Files/MiKTeX 2
.9/fonts/type1/public/amsfonts/cm/cmr12.pfb><C:/Program Files/MiKTeX 2.9/fonts/
type1/public/amsfonts/cm/cmr17.pfb><C:/Program Files/MiKTeX 2.9/fonts/type1/pub
lic/amsfonts/cm/cmr8.pfb><C:/Program Files/MiKTeX 2.9/fonts/type1/public/amsfon
ts/cm/cmsy10.pfb><C:/Program Files/MiKTeX 2.9/fonts/type1/public/amsfonts/cm/cm
ti10.pfb>
Output written on "preliminary 5.pdf" (8 pages, 138830 bytes).
PDF statistics:
 69 PDF objects out of 1000 (max. 8388607)
 0 named destinations out of 1000 (max. 500000)
 1 words of extra memory for PDF output out of 10000 (max. 10000000)

